{"C:\\Users\\hanse\\Documents\\Documents\\proyecto sentinela soa\\sentinel_soa\\frontend\\src\\features\\auth\\LoginPage.tsx": {"path":"C:\\Users\\hanse\\Documents\\Documents\\proyecto sentinela soa\\sentinel_soa\\frontend\\src\\features\\auth\\LoginPage.tsx","statementMap":{"0":{"start":{"line":12,"column":2},"end":{"line":20,"column":null}},"1":{"start":{"line":13,"column":4},"end":{"line":15,"column":null}},"2":{"start":{"line":14,"column":6},"end":{"line":14,"column":null}},"3":{"start":{"line":17,"column":4},"end":{"line":19,"column":null}},"4":{"start":{"line":18,"column":6},"end":{"line":18,"column":null}},"5":{"start":{"line":22,"column":2},"end":{"line":24,"column":null}},"6":{"start":{"line":23,"column":4},"end":{"line":23,"column":null}},"7":{"start":{"line":26,"column":2},"end":{"line":26,"column":null}},"8":{"start":{"line":30,"column":8},"end":{"line":30,"column":null}},"9":{"start":{"line":31,"column":8},"end":{"line":31,"column":null}},"10":{"start":{"line":32,"column":8},"end":{"line":32,"column":null}},"11":{"start":{"line":32,"column":50},"end":{"line":32,"column":71}},"12":{"start":{"line":33,"column":8},"end":{"line":33,"column":null}},"13":{"start":{"line":33,"column":44},"end":{"line":33,"column":59}},"14":{"start":{"line":34,"column":8},"end":{"line":34,"column":null}},"15":{"start":{"line":34,"column":47},"end":{"line":34,"column":65}},"16":{"start":{"line":35,"column":8},"end":{"line":35,"column":null}},"17":{"start":{"line":35,"column":45},"end":{"line":35,"column":61}},"18":{"start":{"line":37,"column":19},"end":{"line":37,"column":null}},"19":{"start":{"line":38,"column":19},"end":{"line":38,"column":null}},"20":{"start":{"line":39,"column":21},"end":{"line":39,"column":null}},"21":{"start":{"line":40,"column":21},"end":{"line":40,"column":null}},"22":{"start":{"line":42,"column":8},"end":{"line":45,"column":null}},"23":{"start":{"line":43,"column":18},"end":{"line":43,"column":null}},"24":{"start":{"line":44,"column":4},"end":{"line":44,"column":null}},"25":{"start":{"line":47,"column":2},"end":{"line":49,"column":null}},"26":{"start":{"line":48,"column":4},"end":{"line":48,"column":null}},"27":{"start":{"line":52,"column":4},"end":{"line":52,"column":null}},"28":{"start":{"line":53,"column":4},"end":{"line":53,"column":null}},"29":{"start":{"line":54,"column":4},"end":{"line":54,"column":null}},"30":{"start":{"line":55,"column":4},"end":{"line":55,"column":null}},"31":{"start":{"line":57,"column":4},"end":{"line":65,"column":null}},"32":{"start":{"line":58,"column":28},"end":{"line":58,"column":null}},"33":{"start":{"line":59,"column":6},"end":{"line":59,"column":null}},"34":{"start":{"line":60,"column":6},"end":{"line":60,"column":null}},"35":{"start":{"line":62,"column":6},"end":{"line":62,"column":null}},"36":{"start":{"line":64,"column":6},"end":{"line":64,"column":null}},"37":{"start":{"line":68,"column":2},"end":{"line":110,"column":null}},"38":{"start":{"line":73,"column":62},"end":{"line":73,"column":null}},"39":{"start":{"line":79,"column":35},"end":{"line":79,"column":null}},"40":{"start":{"line":91,"column":35},"end":{"line":91,"column":null}}},"fnMap":{"0":{"name":"getLoginErrorMessage","decl":{"start":{"line":11,"column":9},"end":{"line":11,"column":30}},"loc":{"start":{"line":11,"column":54},"end":{"line":27,"column":null}},"line":11},"1":{"name":"LoginPage","decl":{"start":{"line":29,"column":24},"end":{"line":29,"column":36}},"loc":{"start":{"line":29,"column":36},"end":{"line":112,"column":null}},"line":29},"2":{"name":"(anonymous_2)","decl":{"start":{"line":32,"column":26},"end":{"line":32,"column":40}},"loc":{"start":{"line":32,"column":50},"end":{"line":32,"column":71}},"line":32},"3":{"name":"(anonymous_3)","decl":{"start":{"line":33,"column":20},"end":{"line":33,"column":34}},"loc":{"start":{"line":33,"column":44},"end":{"line":33,"column":59}},"line":33},"4":{"name":"(anonymous_4)","decl":{"start":{"line":34,"column":23},"end":{"line":34,"column":37}},"loc":{"start":{"line":34,"column":47},"end":{"line":34,"column":65}},"line":34},"5":{"name":"(anonymous_5)","decl":{"start":{"line":35,"column":21},"end":{"line":35,"column":35}},"loc":{"start":{"line":35,"column":45},"end":{"line":35,"column":61}},"line":35},"6":{"name":"(anonymous_6)","decl":{"start":{"line":42,"column":19},"end":{"line":42,"column":33}},"loc":{"start":{"line":42,"column":33},"end":{"line":45,"column":5}},"line":42},"7":{"name":"handleSubmit","decl":{"start":{"line":51,"column":17},"end":{"line":51,"column":30}},"loc":{"start":{"line":51,"column":65},"end":{"line":66,"column":null}},"line":51},"8":{"name":"(anonymous_8)","decl":{"start":{"line":73,"column":41},"end":{"line":73,"column":52}},"loc":{"start":{"line":73,"column":62},"end":{"line":73,"column":null}},"line":73},"9":{"name":"(anonymous_9)","decl":{"start":{"line":79,"column":14},"end":{"line":79,"column":25}},"loc":{"start":{"line":79,"column":35},"end":{"line":79,"column":null}},"line":79},"10":{"name":"(anonymous_10)","decl":{"start":{"line":91,"column":14},"end":{"line":91,"column":25}},"loc":{"start":{"line":91,"column":35},"end":{"line":91,"column":null}},"line":91}},"branchMap":{"0":{"loc":{"start":{"line":12,"column":2},"end":{"line":20,"column":null}},"type":"if","locations":[{"start":{"line":12,"column":2},"end":{"line":20,"column":null}},{"start":{},"end":{}}],"line":12},"1":{"loc":{"start":{"line":13,"column":4},"end":{"line":15,"column":null}},"type":"if","locations":[{"start":{"line":13,"column":4},"end":{"line":15,"column":null}},{"start":{},"end":{}}],"line":13},"2":{"loc":{"start":{"line":17,"column":4},"end":{"line":19,"column":null}},"type":"if","locations":[{"start":{"line":17,"column":4},"end":{"line":19,"column":null}},{"start":{},"end":{}}],"line":17},"3":{"loc":{"start":{"line":22,"column":2},"end":{"line":24,"column":null}},"type":"if","locations":[{"start":{"line":22,"column":2},"end":{"line":24,"column":null}},{"start":{},"end":{}}],"line":22},"4":{"loc":{"start":{"line":44,"column":11},"end":{"line":44,"column":null}},"type":"cond-expr","locations":[{"start":{"line":44,"column":55},"end":{"line":44,"column":68}},{"start":{"line":44,"column":68},"end":{"line":44,"column":null}}],"line":44},"5":{"loc":{"start":{"line":44,"column":11},"end":{"line":44,"column":55}},"type":"binary-expr","locations":[{"start":{"line":44,"column":11},"end":{"line":44,"column":26}},{"start":{"line":44,"column":26},"end":{"line":44,"column":55}}],"line":44},"6":{"loc":{"start":{"line":47,"column":2},"end":{"line":49,"column":null}},"type":"if","locations":[{"start":{"line":47,"column":2},"end":{"line":49,"column":null}},{"start":{},"end":{}}],"line":47},"7":{"loc":{"start":{"line":97,"column":11},"end":{"line":97,"column":null}},"type":"cond-expr","locations":[{"start":{"line":97,"column":23},"end":{"line":97,"column":null}},{"start":{"line":97,"column":79},"end":{"line":97,"column":null}}],"line":97},"8":{"loc":{"start":{"line":98,"column":11},"end":{"line":98,"column":null}},"type":"cond-expr","locations":[{"start":{"line":98,"column":24},"end":{"line":98,"column":null}},{"start":{"line":98,"column":79},"end":{"line":98,"column":null}}],"line":98},"9":{"loc":{"start":{"line":105,"column":13},"end":{"line":105,"column":null}},"type":"cond-expr","locations":[{"start":{"line":105,"column":26},"end":{"line":105,"column":44}},{"start":{"line":105,"column":44},"end":{"line":105,"column":null}}],"line":105}},"s":{"0":1,"1":0,"2":0,"3":0,"4":0,"5":1,"6":1,"7":0,"8":11,"9":11,"10":11,"11":36,"12":11,"13":36,"14":11,"15":36,"16":11,"17":36,"18":11,"19":11,"20":11,"21":11,"22":11,"23":3,"24":3,"25":11,"26":1,"27":2,"28":2,"29":2,"30":2,"31":2,"32":2,"33":1,"34":1,"35":1,"36":2,"37":10,"38":2,"39":2,"40":2},"f":{"0":1,"1":11,"2":36,"3":36,"4":36,"5":36,"6":3,"7":2,"8":2,"9":2,"10":2},"b":{"0":[0,1],"1":[0,0],"2":[0,0],"3":[1,0],"4":[0,3],"5":[3,0],"6":[1,10],"7":[0,10],"8":[1,9],"9":[2,8]},"meta":{"lastBranch":10,"lastFunction":11,"lastStatement":41,"seen":{"f:11:9:11:30":0,"b:12:2:20:Infinity:undefined:undefined:undefined:undefined":0,"s:12:2:20:Infinity":0,"b:13:4:15:Infinity:undefined:undefined:undefined:undefined":1,"s:13:4:15:Infinity":1,"s:14:6:14:Infinity":2,"b:17:4:19:Infinity:undefined:undefined:undefined:undefined":2,"s:17:4:19:Infinity":3,"s:18:6:18:Infinity":4,"b:22:2:24:Infinity:undefined:undefined:undefined:undefined":3,"s:22:2:24:Infinity":5,"s:23:4:23:Infinity":6,"s:26:2:26:Infinity":7,"f:29:24:29:36":1,"s:30:8:30:Infinity":8,"s:31:8:31:Infinity":9,"s:32:8:32:Infinity":10,"f:32:26:32:40":2,"s:32:50:32:71":11,"s:33:8:33:Infinity":12,"f:33:20:33:34":3,"s:33:44:33:59":13,"s:34:8:34:Infinity":14,"f:34:23:34:37":4,"s:34:47:34:65":15,"s:35:8:35:Infinity":16,"f:35:21:35:35":5,"s:35:45:35:61":17,"s:37:19:37:Infinity":18,"s:38:19:38:Infinity":19,"s:39:21:39:Infinity":20,"s:40:21:40:Infinity":21,"s:42:8:45:Infinity":22,"f:42:19:42:33":6,"s:43:18:43:Infinity":23,"s:44:4:44:Infinity":24,"b:44:55:44:68:44:68:44:Infinity":4,"b:44:11:44:26:44:26:44:55":5,"b:47:2:49:Infinity:undefined:undefined:undefined:undefined":6,"s:47:2:49:Infinity":25,"s:48:4:48:Infinity":26,"f:51:17:51:30":7,"s:52:4:52:Infinity":27,"s:53:4:53:Infinity":28,"s:54:4:54:Infinity":29,"s:55:4:55:Infinity":30,"s:57:4:65:Infinity":31,"s:58:28:58:Infinity":32,"s:59:6:59:Infinity":33,"s:60:6:60:Infinity":34,"s:62:6:62:Infinity":35,"s:64:6:64:Infinity":36,"s:68:2:110:Infinity":37,"f:73:41:73:52":8,"s:73:62:73:Infinity":38,"f:79:14:79:25":9,"s:79:35:79:Infinity":39,"f:91:14:91:25":10,"s:91:35:91:Infinity":40,"b:97:23:97:Infinity:97:79:97:Infinity":7,"b:98:24:98:Infinity:98:79:98:Infinity":8,"b:105:26:105:44:105:44:105:Infinity":9},"fnNames":{}}}
,"C:\\Users\\hanse\\Documents\\Documents\\proyecto sentinela soa\\sentinel_soa\\frontend\\src\\lib\\analyticsParsers.ts": {"path":"C:\\Users\\hanse\\Documents\\Documents\\proyecto sentinela soa\\sentinel_soa\\frontend\\src\\lib\\analyticsParsers.ts","statementMap":{"0":{"start":{"line":6,"column":2},"end":{"line":6,"column":null}},"1":{"start":{"line":10,"column":2},"end":{"line":12,"column":null}},"2":{"start":{"line":11,"column":4},"end":{"line":11,"column":null}},"3":{"start":{"line":13,"column":2},"end":{"line":18,"column":null}},"4":{"start":{"line":14,"column":19},"end":{"line":14,"column":null}},"5":{"start":{"line":15,"column":4},"end":{"line":17,"column":null}},"6":{"start":{"line":16,"column":6},"end":{"line":16,"column":null}},"7":{"start":{"line":19,"column":2},"end":{"line":19,"column":null}},"8":{"start":{"line":23,"column":2},"end":{"line":26,"column":null}},"9":{"start":{"line":24,"column":20},"end":{"line":24,"column":null}},"10":{"start":{"line":25,"column":4},"end":{"line":25,"column":null}},"11":{"start":{"line":27,"column":2},"end":{"line":27,"column":null}},"12":{"start":{"line":31,"column":2},"end":{"line":33,"column":null}},"13":{"start":{"line":32,"column":4},"end":{"line":32,"column":null}},"14":{"start":{"line":34,"column":2},"end":{"line":36,"column":null}},"15":{"start":{"line":35,"column":4},"end":{"line":35,"column":null}},"16":{"start":{"line":37,"column":2},"end":{"line":37,"column":null}},"17":{"start":{"line":41,"column":15},"end":{"line":41,"column":null}},"18":{"start":{"line":42,"column":23},"end":{"line":42,"column":null}},"19":{"start":{"line":43,"column":23},"end":{"line":43,"column":null}},"20":{"start":{"line":44,"column":24},"end":{"line":44,"column":null}},"21":{"start":{"line":45,"column":2},"end":{"line":51,"column":null}},"22":{"start":{"line":55,"column":18},"end":{"line":55,"column":null}},"23":{"start":{"line":56,"column":18},"end":{"line":56,"column":null}},"24":{"start":{"line":57,"column":2},"end":{"line":63,"column":null}},"25":{"start":{"line":72,"column":2},"end":{"line":78,"column":null}},"26":{"start":{"line":73,"column":20},"end":{"line":73,"column":null}},"27":{"start":{"line":74,"column":4},"end":{"line":77,"column":null}},"28":{"start":{"line":80,"column":2},"end":{"line":86,"column":null}},"29":{"start":{"line":81,"column":20},"end":{"line":81,"column":null}},"30":{"start":{"line":82,"column":4},"end":{"line":85,"column":null}},"31":{"start":{"line":88,"column":2},"end":{"line":91,"column":null}},"32":{"start":{"line":95,"column":2},"end":{"line":97,"column":null}},"33":{"start":{"line":96,"column":4},"end":{"line":96,"column":null}},"34":{"start":{"line":99,"column":2},"end":{"line":123,"column":null}},"35":{"start":{"line":101,"column":6},"end":{"line":106,"column":null}},"36":{"start":{"line":102,"column":8},"end":{"line":105,"column":null}},"37":{"start":{"line":108,"column":6},"end":{"line":110,"column":null}},"38":{"start":{"line":109,"column":8},"end":{"line":109,"column":null}},"39":{"start":{"line":112,"column":22},"end":{"line":112,"column":null}},"40":{"start":{"line":113,"column":24},"end":{"line":113,"column":null}},"41":{"start":{"line":114,"column":6},"end":{"line":116,"column":null}},"42":{"start":{"line":115,"column":8},"end":{"line":115,"column":null}},"43":{"start":{"line":118,"column":6},"end":{"line":121,"column":null}},"44":{"start":{"line":123,"column":45},"end":{"line":123,"column":59}},"45":{"start":{"line":127,"column":16},"end":{"line":127,"column":null}},"46":{"start":{"line":128,"column":2},"end":{"line":130,"column":null}},"47":{"start":{"line":129,"column":4},"end":{"line":129,"column":null}},"48":{"start":{"line":131,"column":2},"end":{"line":131,"column":null}},"49":{"start":{"line":135,"column":16},"end":{"line":135,"column":null}},"50":{"start":{"line":136,"column":64},"end":{"line":144,"column":null}},"51":{"start":{"line":146,"column":23},"end":{"line":146,"column":null}},"52":{"start":{"line":147,"column":2},"end":{"line":149,"column":null}},"53":{"start":{"line":148,"column":4},"end":{"line":148,"column":null}},"54":{"start":{"line":151,"column":2},"end":{"line":162,"column":null}},"55":{"start":{"line":161,"column":4},"end":{"line":161,"column":null}},"56":{"start":{"line":163,"column":2},"end":{"line":163,"column":null}},"57":{"start":{"line":167,"column":17},"end":{"line":167,"column":null}},"58":{"start":{"line":168,"column":18},"end":{"line":168,"column":null}},"59":{"start":{"line":169,"column":2},"end":{"line":169,"column":null}},"60":{"start":{"line":173,"column":14},"end":{"line":173,"column":null}},"61":{"start":{"line":174,"column":15},"end":{"line":174,"column":null}},"62":{"start":{"line":175,"column":18},"end":{"line":175,"column":null}},"63":{"start":{"line":176,"column":17},"end":{"line":176,"column":null}},"64":{"start":{"line":177,"column":19},"end":{"line":177,"column":null}},"65":{"start":{"line":178,"column":15},"end":{"line":178,"column":null}},"66":{"start":{"line":179,"column":16},"end":{"line":179,"column":null}},"67":{"start":{"line":180,"column":21},"end":{"line":180,"column":null}},"68":{"start":{"line":181,"column":2},"end":{"line":196,"column":null}},"69":{"start":{"line":200,"column":14},"end":{"line":200,"column":null}},"70":{"start":{"line":201,"column":18},"end":{"line":201,"column":null}},"71":{"start":{"line":202,"column":22},"end":{"line":202,"column":null}},"72":{"start":{"line":203,"column":23},"end":{"line":203,"column":null}},"73":{"start":{"line":204,"column":19},"end":{"line":204,"column":null}},"74":{"start":{"line":205,"column":19},"end":{"line":205,"column":null}},"75":{"start":{"line":206,"column":21},"end":{"line":206,"column":null}},"76":{"start":{"line":208,"column":2},"end":{"line":237,"column":null}},"77":{"start":{"line":223,"column":62},"end":{"line":223,"column":86}},"78":{"start":{"line":241,"column":2},"end":{"line":241,"column":null}},"79":{"start":{"line":245,"column":2},"end":{"line":245,"column":null}}},"fnMap":{"0":{"name":"isRecord","decl":{"start":{"line":5,"column":9},"end":{"line":5,"column":18}},"loc":{"start":{"line":5,"column":68},"end":{"line":7,"column":null}},"line":5},"1":{"name":"asNumber","decl":{"start":{"line":9,"column":9},"end":{"line":9,"column":18}},"loc":{"start":{"line":9,"column":60},"end":{"line":20,"column":null}},"line":9},"2":{"name":"asString","decl":{"start":{"line":22,"column":9},"end":{"line":22,"column":18}},"loc":{"start":{"line":22,"column":57},"end":{"line":28,"column":null}},"line":22},"3":{"name":"asIsoDate","decl":{"start":{"line":30,"column":9},"end":{"line":30,"column":19}},"loc":{"start":{"line":30,"column":61},"end":{"line":38,"column":null}},"line":30},"4":{"name":"parsePageInfo","decl":{"start":{"line":40,"column":9},"end":{"line":40,"column":23}},"loc":{"start":{"line":40,"column":95},"end":{"line":52,"column":null}},"line":40},"5":{"name":"buildFallbackPageInfo","decl":{"start":{"line":54,"column":9},"end":{"line":54,"column":31}},"loc":{"start":{"line":54,"column":85},"end":{"line":64,"column":null}},"line":54},"6":{"name":"parsePaginatedResponse","decl":{"start":{"line":66,"column":16},"end":{"line":66,"column":null}},"loc":{"start":{"line":71,"column":24},"end":{"line":92,"column":null}},"line":71},"7":{"name":"normalizeActions","decl":{"start":{"line":94,"column":9},"end":{"line":94,"column":26}},"loc":{"start":{"line":94,"column":57},"end":{"line":124,"column":null}},"line":94},"8":{"name":"(anonymous_8)","decl":{"start":{"line":100,"column":5},"end":{"line":100,"column":10}},"loc":{"start":{"line":100,"column":20},"end":{"line":122,"column":5}},"line":100},"9":{"name":"(anonymous_9)","decl":{"start":{"line":123,"column":5},"end":{"line":123,"column":13}},"loc":{"start":{"line":123,"column":45},"end":{"line":123,"column":59}},"line":123},"10":{"name":"normalizeThreatLevel","decl":{"start":{"line":126,"column":9},"end":{"line":126,"column":30}},"loc":{"start":{"line":126,"column":70},"end":{"line":132,"column":null}},"line":126},"11":{"name":"normalizeKillChain","decl":{"start":{"line":134,"column":9},"end":{"line":134,"column":28}},"loc":{"start":{"line":134,"column":72},"end":{"line":164,"column":null}},"line":134},"12":{"name":"normalizeMethod","decl":{"start":{"line":166,"column":9},"end":{"line":166,"column":25}},"loc":{"start":{"line":166,"column":66},"end":{"line":170,"column":null}},"line":166},"13":{"name":"mapTelemetryRow","decl":{"start":{"line":172,"column":16},"end":{"line":172,"column":32}},"loc":{"start":{"line":172,"column":74},"end":{"line":197,"column":null}},"line":172},"14":{"name":"mapReportRow","decl":{"start":{"line":199,"column":16},"end":{"line":199,"column":29}},"loc":{"start":{"line":199,"column":69},"end":{"line":238,"column":null}},"line":199},"15":{"name":"(anonymous_15)","decl":{"start":{"line":223,"column":29},"end":{"line":223,"column":37}},"loc":{"start":{"line":223,"column":62},"end":{"line":223,"column":86}},"line":223},"16":{"name":"parseTelemetryPage","decl":{"start":{"line":240,"column":16},"end":{"line":240,"column":35}},"loc":{"start":{"line":240,"column":111},"end":{"line":242,"column":null}},"line":240},"17":{"name":"parseReportsPage","decl":{"start":{"line":244,"column":16},"end":{"line":244,"column":33}},"loc":{"start":{"line":244,"column":107},"end":{"line":246,"column":null}},"line":244}},"branchMap":{"0":{"loc":{"start":{"line":6,"column":9},"end":{"line":6,"column":null}},"type":"binary-expr","locations":[{"start":{"line":6,"column":9},"end":{"line":6,"column":38}},{"start":{"line":6,"column":38},"end":{"line":6,"column":null}}],"line":6},"1":{"loc":{"start":{"line":10,"column":2},"end":{"line":12,"column":null}},"type":"if","locations":[{"start":{"line":10,"column":2},"end":{"line":12,"column":null}},{"start":{},"end":{}}],"line":10},"2":{"loc":{"start":{"line":10,"column":6},"end":{"line":10,"column":59}},"type":"binary-expr","locations":[{"start":{"line":10,"column":6},"end":{"line":10,"column":35}},{"start":{"line":10,"column":35},"end":{"line":10,"column":59}}],"line":10},"3":{"loc":{"start":{"line":13,"column":2},"end":{"line":18,"column":null}},"type":"if","locations":[{"start":{"line":13,"column":2},"end":{"line":18,"column":null}},{"start":{},"end":{}}],"line":13},"4":{"loc":{"start":{"line":15,"column":4},"end":{"line":17,"column":null}},"type":"if","locations":[{"start":{"line":15,"column":4},"end":{"line":17,"column":null}},{"start":{},"end":{}}],"line":15},"5":{"loc":{"start":{"line":22,"column":34},"end":{"line":22,"column":57}},"type":"default-arg","locations":[{"start":{"line":22,"column":45},"end":{"line":22,"column":57}}],"line":22},"6":{"loc":{"start":{"line":23,"column":2},"end":{"line":26,"column":null}},"type":"if","locations":[{"start":{"line":23,"column":2},"end":{"line":26,"column":null}},{"start":{},"end":{}}],"line":23},"7":{"loc":{"start":{"line":25,"column":11},"end":{"line":25,"column":null}},"type":"cond-expr","locations":[{"start":{"line":25,"column":32},"end":{"line":25,"column":42}},{"start":{"line":25,"column":42},"end":{"line":25,"column":null}}],"line":25},"8":{"loc":{"start":{"line":31,"column":2},"end":{"line":33,"column":null}},"type":"if","locations":[{"start":{"line":31,"column":2},"end":{"line":33,"column":null}},{"start":{},"end":{}}],"line":31},"9":{"loc":{"start":{"line":31,"column":6},"end":{"line":31,"column":60}},"type":"binary-expr","locations":[{"start":{"line":31,"column":6},"end":{"line":31,"column":35}},{"start":{"line":31,"column":35},"end":{"line":31,"column":60}}],"line":31},"10":{"loc":{"start":{"line":34,"column":2},"end":{"line":36,"column":null}},"type":"if","locations":[{"start":{"line":34,"column":2},"end":{"line":36,"column":null}},{"start":{},"end":{}}],"line":34},"11":{"loc":{"start":{"line":41,"column":15},"end":{"line":41,"column":null}},"type":"cond-expr","locations":[{"start":{"line":41,"column":35},"end":{"line":41,"column":45}},{"start":{"line":41,"column":45},"end":{"line":41,"column":null}}],"line":41},"12":{"loc":{"start":{"line":49,"column":15},"end":{"line":49,"column":null}},"type":"cond-expr","locations":[{"start":{"line":49,"column":52},"end":{"line":49,"column":69}},{"start":{"line":49,"column":69},"end":{"line":49,"column":null}}],"line":49},"13":{"loc":{"start":{"line":50,"column":15},"end":{"line":50,"column":null}},"type":"cond-expr","locations":[{"start":{"line":50,"column":52},"end":{"line":50,"column":69}},{"start":{"line":50,"column":69},"end":{"line":50,"column":null}}],"line":50},"14":{"loc":{"start":{"line":61,"column":15},"end":{"line":61,"column":null}},"type":"cond-expr","locations":[{"start":{"line":61,"column":25},"end":{"line":61,"column":62}},{"start":{"line":61,"column":62},"end":{"line":61,"column":null}}],"line":61},"15":{"loc":{"start":{"line":62,"column":15},"end":{"line":62,"column":null}},"type":"cond-expr","locations":[{"start":{"line":62,"column":25},"end":{"line":62,"column":62}},{"start":{"line":62,"column":62},"end":{"line":62,"column":null}}],"line":62},"16":{"loc":{"start":{"line":72,"column":2},"end":{"line":78,"column":null}},"type":"if","locations":[{"start":{"line":72,"column":2},"end":{"line":78,"column":null}},{"start":{},"end":{}}],"line":72},"17":{"loc":{"start":{"line":80,"column":2},"end":{"line":86,"column":null}},"type":"if","locations":[{"start":{"line":80,"column":2},"end":{"line":86,"column":null}},{"start":{},"end":{}}],"line":80},"18":{"loc":{"start":{"line":80,"column":6},"end":{"line":80,"column":59}},"type":"binary-expr","locations":[{"start":{"line":80,"column":6},"end":{"line":80,"column":27}},{"start":{"line":80,"column":27},"end":{"line":80,"column":59}}],"line":80},"19":{"loc":{"start":{"line":95,"column":2},"end":{"line":97,"column":null}},"type":"if","locations":[{"start":{"line":95,"column":2},"end":{"line":97,"column":null}},{"start":{},"end":{}}],"line":95},"20":{"loc":{"start":{"line":101,"column":6},"end":{"line":106,"column":null}},"type":"if","locations":[{"start":{"line":101,"column":6},"end":{"line":106,"column":null}},{"start":{},"end":{}}],"line":101},"21":{"loc":{"start":{"line":108,"column":6},"end":{"line":110,"column":null}},"type":"if","locations":[{"start":{"line":108,"column":6},"end":{"line":110,"column":null}},{"start":{},"end":{}}],"line":108},"22":{"loc":{"start":{"line":113,"column":34},"end":{"line":113,"column":75}},"type":"binary-expr","locations":[{"start":{"line":113,"column":34},"end":{"line":113,"column":58}},{"start":{"line":113,"column":58},"end":{"line":113,"column":75}}],"line":113},"23":{"loc":{"start":{"line":114,"column":6},"end":{"line":116,"column":null}},"type":"if","locations":[{"start":{"line":114,"column":6},"end":{"line":116,"column":null}},{"start":{},"end":{}}],"line":114},"24":{"loc":{"start":{"line":128,"column":2},"end":{"line":130,"column":null}},"type":"if","locations":[{"start":{"line":128,"column":2},"end":{"line":130,"column":null}},{"start":{},"end":{}}],"line":128},"25":{"loc":{"start":{"line":128,"column":6},"end":{"line":128,"column":89}},"type":"binary-expr","locations":[{"start":{"line":128,"column":6},"end":{"line":128,"column":30}},{"start":{"line":128,"column":30},"end":{"line":128,"column":50}},{"start":{"line":128,"column":50},"end":{"line":128,"column":72}},{"start":{"line":128,"column":72},"end":{"line":128,"column":89}}],"line":128},"26":{"loc":{"start":{"line":147,"column":2},"end":{"line":149,"column":null}},"type":"if","locations":[{"start":{"line":147,"column":2},"end":{"line":149,"column":null}},{"start":{},"end":{}}],"line":147},"27":{"loc":{"start":{"line":151,"column":2},"end":{"line":162,"column":null}},"type":"if","locations":[{"start":{"line":151,"column":2},"end":{"line":162,"column":null}},{"start":{},"end":{}}],"line":151},"28":{"loc":{"start":{"line":152,"column":4},"end":{"line":159,"column":null}},"type":"binary-expr","locations":[{"start":{"line":152,"column":4},"end":{"line":152,"column":null}},{"start":{"line":153,"column":4},"end":{"line":153,"column":null}},{"start":{"line":154,"column":4},"end":{"line":154,"column":null}},{"start":{"line":155,"column":4},"end":{"line":155,"column":null}},{"start":{"line":156,"column":4},"end":{"line":156,"column":null}},{"start":{"line":157,"column":4},"end":{"line":157,"column":null}},{"start":{"line":158,"column":4},"end":{"line":158,"column":null}},{"start":{"line":159,"column":4},"end":{"line":159,"column":null}}],"line":152},"29":{"loc":{"start":{"line":169,"column":10},"end":{"line":169,"column":null}},"type":"cond-expr","locations":[{"start":{"line":169,"column":37},"end":{"line":169,"column":46}},{"start":{"line":169,"column":46},"end":{"line":169,"column":null}}],"line":169},"30":{"loc":{"start":{"line":173,"column":14},"end":{"line":173,"column":null}},"type":"cond-expr","locations":[{"start":{"line":173,"column":33},"end":{"line":173,"column":42}},{"start":{"line":173,"column":42},"end":{"line":173,"column":null}}],"line":173},"31":{"loc":{"start":{"line":174,"column":15},"end":{"line":174,"column":null}},"type":"cond-expr","locations":[{"start":{"line":174,"column":36},"end":{"line":174,"column":47}},{"start":{"line":174,"column":47},"end":{"line":174,"column":null}}],"line":174},"32":{"loc":{"start":{"line":175,"column":18},"end":{"line":175,"column":null}},"type":"cond-expr","locations":[{"start":{"line":175,"column":42},"end":{"line":175,"column":56}},{"start":{"line":175,"column":56},"end":{"line":175,"column":null}}],"line":175},"33":{"loc":{"start":{"line":178,"column":24},"end":{"line":178,"column":65}},"type":"binary-expr","locations":[{"start":{"line":178,"column":24},"end":{"line":178,"column":43}},{"start":{"line":178,"column":43},"end":{"line":178,"column":54}},{"start":{"line":178,"column":54},"end":{"line":178,"column":65}}],"line":178},"34":{"loc":{"start":{"line":180,"column":21},"end":{"line":180,"column":null}},"type":"cond-expr","locations":[{"start":{"line":180,"column":29},"end":{"line":180,"column":50}},{"start":{"line":180,"column":50},"end":{"line":180,"column":null}}],"line":180},"35":{"loc":{"start":{"line":184,"column":48},"end":{"line":184,"column":84}},"type":"binary-expr","locations":[{"start":{"line":184,"column":48},"end":{"line":184,"column":69}},{"start":{"line":184,"column":69},"end":{"line":184,"column":84}}],"line":184},"36":{"loc":{"start":{"line":185,"column":33},"end":{"line":185,"column":77}},"type":"binary-expr","locations":[{"start":{"line":185,"column":33},"end":{"line":185,"column":52}},{"start":{"line":185,"column":52},"end":{"line":185,"column":66}},{"start":{"line":185,"column":66},"end":{"line":185,"column":77}}],"line":185},"37":{"loc":{"start":{"line":187,"column":28},"end":{"line":187,"column":81}},"type":"binary-expr","locations":[{"start":{"line":187,"column":28},"end":{"line":187,"column":49}},{"start":{"line":187,"column":49},"end":{"line":187,"column":63}},{"start":{"line":187,"column":63},"end":{"line":187,"column":81}}],"line":187},"38":{"loc":{"start":{"line":188,"column":16},"end":{"line":188,"column":null}},"type":"binary-expr","locations":[{"start":{"line":188,"column":16},"end":{"line":188,"column":67}},{"start":{"line":188,"column":67},"end":{"line":188,"column":null}}],"line":188},"39":{"loc":{"start":{"line":188,"column":25},"end":{"line":188,"column":60}},"type":"binary-expr","locations":[{"start":{"line":188,"column":25},"end":{"line":188,"column":43}},{"start":{"line":188,"column":43},"end":{"line":188,"column":60}}],"line":188},"40":{"loc":{"start":{"line":189,"column":25},"end":{"line":189,"column":83}},"type":"binary-expr","locations":[{"start":{"line":189,"column":25},"end":{"line":189,"column":42}},{"start":{"line":189,"column":42},"end":{"line":189,"column":63}},{"start":{"line":189,"column":63},"end":{"line":189,"column":83}}],"line":189},"41":{"loc":{"start":{"line":190,"column":16},"end":{"line":194,"column":null}},"type":"cond-expr","locations":[{"start":{"line":191,"column":8},"end":{"line":193,"column":null}},{"start":{"line":194,"column":8},"end":{"line":194,"column":null}}],"line":190},"42":{"loc":{"start":{"line":191,"column":8},"end":{"line":193,"column":null}},"type":"cond-expr","locations":[{"start":{"line":192,"column":10},"end":{"line":192,"column":null}},{"start":{"line":193,"column":10},"end":{"line":193,"column":null}}],"line":191},"43":{"loc":{"start":{"line":200,"column":14},"end":{"line":200,"column":null}},"type":"cond-expr","locations":[{"start":{"line":200,"column":33},"end":{"line":200,"column":42}},{"start":{"line":200,"column":42},"end":{"line":200,"column":null}}],"line":200},"44":{"loc":{"start":{"line":201,"column":18},"end":{"line":201,"column":null}},"type":"cond-expr","locations":[{"start":{"line":201,"column":42},"end":{"line":201,"column":56}},{"start":{"line":201,"column":56},"end":{"line":201,"column":null}}],"line":201},"45":{"loc":{"start":{"line":202,"column":22},"end":{"line":202,"column":null}},"type":"cond-expr","locations":[{"start":{"line":202,"column":51},"end":{"line":202,"column":70}},{"start":{"line":202,"column":70},"end":{"line":202,"column":null}}],"line":202},"46":{"loc":{"start":{"line":210,"column":15},"end":{"line":210,"column":null}},"type":"binary-expr","locations":[{"start":{"line":210,"column":15},"end":{"line":210,"column":46}},{"start":{"line":210,"column":46},"end":{"line":210,"column":null}}],"line":210},"47":{"loc":{"start":{"line":214,"column":20},"end":{"line":214,"column":null}},"type":"binary-expr","locations":[{"start":{"line":214,"column":20},"end":{"line":214,"column":56}},{"start":{"line":214,"column":56},"end":{"line":214,"column":null}}],"line":214},"48":{"loc":{"start":{"line":216,"column":18},"end":{"line":216,"column":null}},"type":"binary-expr","locations":[{"start":{"line":216,"column":18},"end":{"line":216,"column":52}},{"start":{"line":216,"column":52},"end":{"line":216,"column":null}}],"line":216},"49":{"loc":{"start":{"line":217,"column":21},"end":{"line":217,"column":null}},"type":"binary-expr","locations":[{"start":{"line":217,"column":21},"end":{"line":217,"column":58}},{"start":{"line":217,"column":58},"end":{"line":217,"column":null}}],"line":217},"50":{"loc":{"start":{"line":218,"column":21},"end":{"line":218,"column":null}},"type":"binary-expr","locations":[{"start":{"line":218,"column":21},"end":{"line":218,"column":58}},{"start":{"line":218,"column":58},"end":{"line":218,"column":null}}],"line":218},"51":{"loc":{"start":{"line":219,"column":24},"end":{"line":219,"column":null}},"type":"binary-expr","locations":[{"start":{"line":219,"column":24},"end":{"line":219,"column":64}},{"start":{"line":219,"column":64},"end":{"line":219,"column":null}}],"line":219},"52":{"loc":{"start":{"line":220,"column":25},"end":{"line":220,"column":null}},"type":"binary-expr","locations":[{"start":{"line":220,"column":25},"end":{"line":220,"column":66}},{"start":{"line":220,"column":66},"end":{"line":220,"column":null}}],"line":220},"53":{"loc":{"start":{"line":221,"column":28},"end":{"line":221,"column":null}},"type":"binary-expr","locations":[{"start":{"line":221,"column":28},"end":{"line":221,"column":72}},{"start":{"line":221,"column":72},"end":{"line":221,"column":null}}],"line":221},"54":{"loc":{"start":{"line":222,"column":22},"end":{"line":224,"column":null}},"type":"cond-expr","locations":[{"start":{"line":223,"column":8},"end":{"line":223,"column":null}},{"start":{"line":224,"column":8},"end":{"line":224,"column":null}}],"line":222},"55":{"loc":{"start":{"line":225,"column":23},"end":{"line":225,"column":null}},"type":"binary-expr","locations":[{"start":{"line":225,"column":23},"end":{"line":225,"column":62}},{"start":{"line":225,"column":62},"end":{"line":225,"column":null}}],"line":225},"56":{"loc":{"start":{"line":226,"column":20},"end":{"line":226,"column":null}},"type":"binary-expr","locations":[{"start":{"line":226,"column":20},"end":{"line":226,"column":56}},{"start":{"line":226,"column":56},"end":{"line":226,"column":null}}],"line":226},"57":{"loc":{"start":{"line":227,"column":27},"end":{"line":229,"column":null}},"type":"cond-expr","locations":[{"start":{"line":228,"column":9},"end":{"line":228,"column":null}},{"start":{"line":229,"column":8},"end":{"line":229,"column":null}}],"line":227},"58":{"loc":{"start":{"line":233,"column":21},"end":{"line":233,"column":null}},"type":"cond-expr","locations":[{"start":{"line":233,"column":42},"end":{"line":233,"column":49}},{"start":{"line":233,"column":49},"end":{"line":233,"column":null}}],"line":233},"59":{"loc":{"start":{"line":235,"column":12},"end":{"line":235,"column":null}},"type":"cond-expr","locations":[{"start":{"line":235,"column":23},"end":{"line":235,"column":36}},{"start":{"line":235,"column":36},"end":{"line":235,"column":null}}],"line":235},"60":{"loc":{"start":{"line":235,"column":36},"end":{"line":235,"column":null}},"type":"cond-expr","locations":[{"start":{"line":235,"column":47},"end":{"line":235,"column":61}},{"start":{"line":235,"column":61},"end":{"line":235,"column":null}}],"line":235}},"s":{"0":31,"1":14,"2":8,"3":6,"4":0,"5":0,"6":0,"7":6,"8":113,"9":33,"10":33,"11":80,"12":11,"13":5,"14":6,"15":0,"16":6,"17":1,"18":1,"19":1,"20":1,"21":1,"22":4,"23":4,"24":4,"25":5,"26":3,"27":3,"28":2,"29":1,"30":1,"31":1,"32":5,"33":4,"34":1,"35":2,"36":1,"37":1,"38":0,"39":1,"40":1,"41":2,"42":0,"43":1,"44":2,"45":5,"46":5,"47":4,"48":1,"49":5,"50":5,"51":5,"52":5,"53":2,"54":3,"55":3,"56":0,"57":4,"58":4,"59":4,"60":4,"61":4,"62":4,"63":4,"64":4,"65":4,"66":4,"67":4,"68":4,"69":5,"70":5,"71":5,"72":5,"73":5,"74":5,"75":5,"76":5,"77":2,"78":1,"79":1},"f":{"0":31,"1":14,"2":113,"3":11,"4":1,"5":4,"6":5,"7":5,"8":2,"9":2,"10":5,"11":5,"12":4,"13":4,"14":5,"15":2,"16":1,"17":1},"b":{"0":[31,17],"1":[8,6],"2":[14,8],"3":[0,6],"4":[0,0],"5":[113],"6":[33,80],"7":[33,0],"8":[5,6],"9":[11,5],"10":[0,6],"11":[1,0],"12":[1,0],"13":[1,0],"14":[1,3],"15":[0,4],"16":[3,2],"17":[1,1],"18":[2,1],"19":[4,1],"20":[1,1],"21":[0,1],"22":[1,1],"23":[0,2],"24":[4,1],"25":[5,5,4,4],"26":[2,3],"27":[3,0],"28":[3,3,3,3,3,3,3,3],"29":[4,0],"30":[3,1],"31":[1,3],"32":[1,3],"33":[4,3,3],"34":[1,3],"35":[4,3],"36":[4,4,3],"37":[4,4,3],"38":[4,2],"39":[4,3],"40":[4,3,2],"41":[3,1],"42":[2,1],"43":[5,0],"44":[1,4],"45":[1,4],"46":[5,4],"47":[5,4],"48":[5,4],"49":[5,4],"50":[5,4],"51":[5,4],"52":[5,5],"53":[5,5],"54":[1,4],"55":[5,4],"56":[5,4],"57":[1,4],"58":[4,1],"59":[1,4],"60":[1,3]},"meta":{"lastBranch":61,"lastFunction":18,"lastStatement":80,"seen":{"f:5:9:5:18":0,"s:6:2:6:Infinity":0,"b:6:9:6:38:6:38:6:Infinity":0,"f:9:9:9:18":1,"b:10:2:12:Infinity:undefined:undefined:undefined:undefined":1,"s:10:2:12:Infinity":1,"b:10:6:10:35:10:35:10:59":2,"s:11:4:11:Infinity":2,"b:13:2:18:Infinity:undefined:undefined:undefined:undefined":3,"s:13:2:18:Infinity":3,"s:14:19:14:Infinity":4,"b:15:4:17:Infinity:undefined:undefined:undefined:undefined":4,"s:15:4:17:Infinity":5,"s:16:6:16:Infinity":6,"s:19:2:19:Infinity":7,"f:22:9:22:18":2,"b:22:45:22:57":5,"b:23:2:26:Infinity:undefined:undefined:undefined:undefined":6,"s:23:2:26:Infinity":8,"s:24:20:24:Infinity":9,"s:25:4:25:Infinity":10,"b:25:32:25:42:25:42:25:Infinity":7,"s:27:2:27:Infinity":11,"f:30:9:30:19":3,"b:31:2:33:Infinity:undefined:undefined:undefined:undefined":8,"s:31:2:33:Infinity":12,"b:31:6:31:35:31:35:31:60":9,"s:32:4:32:Infinity":13,"b:34:2:36:Infinity:undefined:undefined:undefined:undefined":10,"s:34:2:36:Infinity":14,"s:35:4:35:Infinity":15,"s:37:2:37:Infinity":16,"f:40:9:40:23":4,"s:41:15:41:Infinity":17,"b:41:35:41:45:41:45:41:Infinity":11,"s:42:23:42:Infinity":18,"s:43:23:43:Infinity":19,"s:44:24:44:Infinity":20,"s:45:2:51:Infinity":21,"b:49:52:49:69:49:69:49:Infinity":12,"b:50:52:50:69:50:69:50:Infinity":13,"f:54:9:54:31":5,"s:55:18:55:Infinity":22,"s:56:18:56:Infinity":23,"s:57:2:63:Infinity":24,"b:61:25:61:62:61:62:61:Infinity":14,"b:62:25:62:62:62:62:62:Infinity":15,"f:66:16:66:Infinity":6,"b:72:2:78:Infinity:undefined:undefined:undefined:undefined":16,"s:72:2:78:Infinity":25,"s:73:20:73:Infinity":26,"s:74:4:77:Infinity":27,"b:80:2:86:Infinity:undefined:undefined:undefined:undefined":17,"s:80:2:86:Infinity":28,"b:80:6:80:27:80:27:80:59":18,"s:81:20:81:Infinity":29,"s:82:4:85:Infinity":30,"s:88:2:91:Infinity":31,"f:94:9:94:26":7,"b:95:2:97:Infinity:undefined:undefined:undefined:undefined":19,"s:95:2:97:Infinity":32,"s:96:4:96:Infinity":33,"s:99:2:123:Infinity":34,"f:100:5:100:10":8,"b:101:6:106:Infinity:undefined:undefined:undefined:undefined":20,"s:101:6:106:Infinity":35,"s:102:8:105:Infinity":36,"b:108:6:110:Infinity:undefined:undefined:undefined:undefined":21,"s:108:6:110:Infinity":37,"s:109:8:109:Infinity":38,"s:112:22:112:Infinity":39,"s:113:24:113:Infinity":40,"b:113:34:113:58:113:58:113:75":22,"b:114:6:116:Infinity:undefined:undefined:undefined:undefined":23,"s:114:6:116:Infinity":41,"s:115:8:115:Infinity":42,"s:118:6:121:Infinity":43,"f:123:5:123:13":9,"s:123:45:123:59":44,"f:126:9:126:30":10,"s:127:16:127:Infinity":45,"b:128:2:130:Infinity:undefined:undefined:undefined:undefined":24,"s:128:2:130:Infinity":46,"b:128:6:128:30:128:30:128:50:128:50:128:72:128:72:128:89":25,"s:129:4:129:Infinity":47,"s:131:2:131:Infinity":48,"f:134:9:134:28":11,"s:135:16:135:Infinity":49,"s:136:64:144:Infinity":50,"s:146:23:146:Infinity":51,"b:147:2:149:Infinity:undefined:undefined:undefined:undefined":26,"s:147:2:149:Infinity":52,"s:148:4:148:Infinity":53,"b:151:2:162:Infinity:undefined:undefined:undefined:undefined":27,"s:151:2:162:Infinity":54,"b:152:4:152:Infinity:153:4:153:Infinity:154:4:154:Infinity:155:4:155:Infinity:156:4:156:Infinity:157:4:157:Infinity:158:4:158:Infinity:159:4:159:Infinity":28,"s:161:4:161:Infinity":55,"s:163:2:163:Infinity":56,"f:166:9:166:25":12,"s:167:17:167:Infinity":57,"s:168:18:168:Infinity":58,"s:169:2:169:Infinity":59,"b:169:37:169:46:169:46:169:Infinity":29,"f:172:16:172:32":13,"s:173:14:173:Infinity":60,"b:173:33:173:42:173:42:173:Infinity":30,"s:174:15:174:Infinity":61,"b:174:36:174:47:174:47:174:Infinity":31,"s:175:18:175:Infinity":62,"b:175:42:175:56:175:56:175:Infinity":32,"s:176:17:176:Infinity":63,"s:177:19:177:Infinity":64,"s:178:15:178:Infinity":65,"b:178:24:178:43:178:43:178:54:178:54:178:65":33,"s:179:16:179:Infinity":66,"s:180:21:180:Infinity":67,"b:180:29:180:50:180:50:180:Infinity":34,"s:181:2:196:Infinity":68,"b:184:48:184:69:184:69:184:84":35,"b:185:33:185:52:185:52:185:66:185:66:185:77":36,"b:187:28:187:49:187:49:187:63:187:63:187:81":37,"b:188:16:188:67:188:67:188:Infinity":38,"b:188:25:188:43:188:43:188:60":39,"b:189:25:189:42:189:42:189:63:189:63:189:83":40,"b:191:8:193:Infinity:194:8:194:Infinity":41,"b:192:10:192:Infinity:193:10:193:Infinity":42,"f:199:16:199:29":14,"s:200:14:200:Infinity":69,"b:200:33:200:42:200:42:200:Infinity":43,"s:201:18:201:Infinity":70,"b:201:42:201:56:201:56:201:Infinity":44,"s:202:22:202:Infinity":71,"b:202:51:202:70:202:70:202:Infinity":45,"s:203:23:203:Infinity":72,"s:204:19:204:Infinity":73,"s:205:19:205:Infinity":74,"s:206:21:206:Infinity":75,"s:208:2:237:Infinity":76,"b:210:15:210:46:210:46:210:Infinity":46,"b:214:20:214:56:214:56:214:Infinity":47,"b:216:18:216:52:216:52:216:Infinity":48,"b:217:21:217:58:217:58:217:Infinity":49,"b:218:21:218:58:218:58:218:Infinity":50,"b:219:24:219:64:219:64:219:Infinity":51,"b:220:25:220:66:220:66:220:Infinity":52,"b:221:28:221:72:221:72:221:Infinity":53,"b:223:8:223:Infinity:224:8:224:Infinity":54,"f:223:29:223:37":15,"s:223:62:223:86":77,"b:225:23:225:62:225:62:225:Infinity":55,"b:226:20:226:56:226:56:226:Infinity":56,"b:228:9:228:Infinity:229:8:229:Infinity":57,"b:233:42:233:49:233:49:233:Infinity":58,"b:235:23:235:36:235:36:235:Infinity":59,"b:235:47:235:61:235:61:235:Infinity":60,"f:240:16:240:35":16,"s:241:2:241:Infinity":78,"f:244:16:244:33":17,"s:245:2:245:Infinity":79},"fnNames":{}}}
,"C:\\Users\\hanse\\Documents\\Documents\\proyecto sentinela soa\\sentinel_soa\\frontend\\src\\lib\\apiClient.ts": {"path":"C:\\Users\\hanse\\Documents\\Documents\\proyecto sentinela soa\\sentinel_soa\\frontend\\src\\lib\\apiClient.ts","statementMap":{"0":{"start":{"line":1,"column":16},"end":{"line":1,"column":null}},"1":{"start":{"line":9,"column":4},"end":{"line":9,"column":null}},"2":{"start":{"line":10,"column":4},"end":{"line":10,"column":null}},"3":{"start":{"line":11,"column":4},"end":{"line":11,"column":null}},"4":{"start":{"line":12,"column":4},"end":{"line":12,"column":null}},"5":{"start":{"line":13,"column":4},"end":{"line":13,"column":null}},"6":{"start":{"line":28,"column":39},"end":{"line":28,"column":null}},"7":{"start":{"line":31,"column":2},"end":{"line":31,"column":null}},"8":{"start":{"line":35,"column":2},"end":{"line":37,"column":null}},"9":{"start":{"line":36,"column":4},"end":{"line":36,"column":null}},"10":{"start":{"line":39,"column":2},"end":{"line":39,"column":null}},"11":{"start":{"line":43,"column":2},"end":{"line":43,"column":null}},"12":{"start":{"line":47,"column":14},"end":{"line":47,"column":null}},"13":{"start":{"line":48,"column":18},"end":{"line":48,"column":null}},"14":{"start":{"line":50,"column":2},"end":{"line":52,"column":null}},"15":{"start":{"line":51,"column":4},"end":{"line":51,"column":null}},"16":{"start":{"line":54,"column":2},"end":{"line":59,"column":null}},"17":{"start":{"line":55,"column":24},"end":{"line":55,"column":null}},"18":{"start":{"line":56,"column":4},"end":{"line":58,"column":null}},"19":{"start":{"line":57,"column":6},"end":{"line":57,"column":null}},"20":{"start":{"line":61,"column":19},"end":{"line":64,"column":null}},"21":{"start":{"line":66,"column":2},"end":{"line":90,"column":null}},"22":{"start":{"line":67,"column":26},"end":{"line":67,"column":null}},"23":{"start":{"line":68,"column":19},"end":{"line":68,"column":null}},"24":{"start":{"line":70,"column":24},"end":{"line":70,"column":null}},"25":{"start":{"line":71,"column":4},"end":{"line":78,"column":null}},"26":{"start":{"line":72,"column":20},"end":{"line":72,"column":null}},"27":{"start":{"line":73,"column":6},"end":{"line":73,"column":null}},"28":{"start":{"line":74,"column":6},"end":{"line":74,"column":null}},"29":{"start":{"line":76,"column":6},"end":{"line":76,"column":null}},"30":{"start":{"line":77,"column":6},"end":{"line":77,"column":null}},"31":{"start":{"line":80,"column":4},"end":{"line":82,"column":null}},"32":{"start":{"line":81,"column":6},"end":{"line":81,"column":null}},"33":{"start":{"line":84,"column":4},"end":{"line":89,"column":null}},"34":{"start":{"line":92,"column":2},"end":{"line":94,"column":null}},"35":{"start":{"line":93,"column":4},"end":{"line":93,"column":null}},"36":{"start":{"line":96,"column":27},"end":{"line":96,"column":null}},"37":{"start":{"line":97,"column":2},"end":{"line":99,"column":null}},"38":{"start":{"line":98,"column":4},"end":{"line":98,"column":null}},"39":{"start":{"line":101,"column":2},"end":{"line":101,"column":null}}},"fnMap":{"0":{"name":"constructor","decl":{"start":{"line":8,"column":2},"end":{"line":8,"column":14}},"loc":{"start":{"line":8,"column":82},"end":{"line":14,"column":null}},"line":8},"1":{"name":"configureApiClient","decl":{"start":{"line":30,"column":16},"end":{"line":30,"column":35}},"loc":{"start":{"line":30,"column":60},"end":{"line":32,"column":null}},"line":30},"2":{"name":"getErrorMessage","decl":{"start":{"line":34,"column":9},"end":{"line":34,"column":25}},"loc":{"start":{"line":34,"column":84},"end":{"line":40,"column":null}},"line":34},"3":{"name":"isStructuredJson","decl":{"start":{"line":42,"column":9},"end":{"line":42,"column":26}},"loc":{"start":{"line":42,"column":88},"end":{"line":44,"column":null}},"line":42},"4":{"name":"apiFetch","decl":{"start":{"line":46,"column":22},"end":{"line":46,"column":34}},"loc":{"start":{"line":46,"column":91},"end":{"line":102,"column":null}},"line":46}},"branchMap":{"0":{"loc":{"start":{"line":1,"column":16},"end":{"line":1,"column":null}},"type":"binary-expr","locations":[{"start":{"line":1,"column":16},"end":{"line":1,"column":53}},{"start":{"line":1,"column":53},"end":{"line":1,"column":null}}],"line":1},"1":{"loc":{"start":{"line":35,"column":2},"end":{"line":37,"column":null}},"type":"if","locations":[{"start":{"line":35,"column":2},"end":{"line":37,"column":null}},{"start":{},"end":{}}],"line":35},"2":{"loc":{"start":{"line":35,"column":6},"end":{"line":35,"column":51}},"type":"binary-expr","locations":[{"start":{"line":35,"column":6},"end":{"line":35,"column":36}},{"start":{"line":35,"column":36},"end":{"line":35,"column":51}}],"line":35},"3":{"loc":{"start":{"line":39,"column":9},"end":{"line":39,"column":null}},"type":"binary-expr","locations":[{"start":{"line":39,"column":9},"end":{"line":39,"column":21}},{"start":{"line":39,"column":21},"end":{"line":39,"column":null}}],"line":39},"4":{"loc":{"start":{"line":43,"column":10},"end":{"line":43,"column":null}},"type":"binary-expr","locations":[{"start":{"line":43,"column":10},"end":{"line":43,"column":39}},{"start":{"line":43,"column":39},"end":{"line":43,"column":58}},{"start":{"line":43,"column":58},"end":{"line":43,"column":null}}],"line":43},"5":{"loc":{"start":{"line":46,"column":48},"end":{"line":46,"column":91}},"type":"default-arg","locations":[{"start":{"line":46,"column":75},"end":{"line":46,"column":91}}],"line":46},"6":{"loc":{"start":{"line":47,"column":14},"end":{"line":47,"column":null}},"type":"cond-expr","locations":[{"start":{"line":47,"column":40},"end":{"line":47,"column":47}},{"start":{"line":47,"column":47},"end":{"line":47,"column":null}}],"line":47},"7":{"loc":{"start":{"line":50,"column":2},"end":{"line":52,"column":null}},"type":"if","locations":[{"start":{"line":50,"column":2},"end":{"line":52,"column":null}},{"start":{},"end":{}}],"line":50},"8":{"loc":{"start":{"line":50,"column":6},"end":{"line":50,"column":84}},"type":"binary-expr","locations":[{"start":{"line":50,"column":6},"end":{"line":50,"column":22}},{"start":{"line":50,"column":22},"end":{"line":50,"column":54}},{"start":{"line":50,"column":54},"end":{"line":50,"column":84}}],"line":50},"9":{"loc":{"start":{"line":54,"column":2},"end":{"line":59,"column":null}},"type":"if","locations":[{"start":{"line":54,"column":2},"end":{"line":59,"column":null}},{"start":{},"end":{}}],"line":54},"10":{"loc":{"start":{"line":54,"column":6},"end":{"line":54,"column":58}},"type":"binary-expr","locations":[{"start":{"line":54,"column":6},"end":{"line":54,"column":27}},{"start":{"line":54,"column":27},"end":{"line":54,"column":58}}],"line":54},"11":{"loc":{"start":{"line":56,"column":4},"end":{"line":58,"column":null}},"type":"if","locations":[{"start":{"line":56,"column":4},"end":{"line":58,"column":null}},{"start":{},"end":{}}],"line":56},"12":{"loc":{"start":{"line":66,"column":2},"end":{"line":90,"column":null}},"type":"if","locations":[{"start":{"line":66,"column":2},"end":{"line":90,"column":null}},{"start":{},"end":{}}],"line":66},"13":{"loc":{"start":{"line":70,"column":24},"end":{"line":70,"column":null}},"type":"binary-expr","locations":[{"start":{"line":70,"column":24},"end":{"line":70,"column":64}},{"start":{"line":70,"column":64},"end":{"line":70,"column":null}}],"line":70},"14":{"loc":{"start":{"line":71,"column":4},"end":{"line":78,"column":null}},"type":"if","locations":[{"start":{"line":71,"column":4},"end":{"line":78,"column":null}},{"start":{"line":75,"column":11},"end":{"line":78,"column":null}}],"line":71},"15":{"loc":{"start":{"line":73,"column":15},"end":{"line":73,"column":null}},"type":"binary-expr","locations":[{"start":{"line":73,"column":15},"end":{"line":73,"column":30}},{"start":{"line":73,"column":30},"end":{"line":73,"column":46}},{"start":{"line":73,"column":46},"end":{"line":73,"column":null}}],"line":73},"16":{"loc":{"start":{"line":80,"column":4},"end":{"line":82,"column":null}},"type":"if","locations":[{"start":{"line":80,"column":4},"end":{"line":82,"column":null}},{"start":{},"end":{}}],"line":80},"17":{"loc":{"start":{"line":80,"column":8},"end":{"line":80,"column":69}},"type":"binary-expr","locations":[{"start":{"line":80,"column":8},"end":{"line":80,"column":35}},{"start":{"line":80,"column":35},"end":{"line":80,"column":69}}],"line":80},"18":{"loc":{"start":{"line":92,"column":2},"end":{"line":94,"column":null}},"type":"if","locations":[{"start":{"line":92,"column":2},"end":{"line":94,"column":null}},{"start":{},"end":{}}],"line":92},"19":{"loc":{"start":{"line":97,"column":2},"end":{"line":99,"column":null}},"type":"if","locations":[{"start":{"line":97,"column":2},"end":{"line":99,"column":null}},{"start":{},"end":{}}],"line":97}},"s":{"0":2,"1":4,"2":4,"3":4,"4":4,"5":4,"6":2,"7":8,"8":4,"9":4,"10":0,"11":2,"12":7,"13":7,"14":7,"15":0,"16":7,"17":7,"18":7,"19":1,"20":7,"21":7,"22":4,"23":4,"24":4,"25":4,"26":3,"27":3,"28":3,"29":1,"30":1,"31":4,"32":1,"33":4,"34":3,"35":1,"36":2,"37":2,"38":0,"39":2},"f":{"0":4,"1":8,"2":4,"3":2,"4":7},"b":{"0":[2,0],"1":[4,0],"2":[4,4],"3":[0,0],"4":[2,2,0],"5":[7],"6":[0,7],"7":[0,7],"8":[7,0,0],"9":[7,0],"10":[7,7],"11":[1,6],"12":[4,3],"13":[4,0],"14":[3,1],"15":[3,0,0],"16":[1,3],"17":[4,1],"18":[1,2],"19":[0,2]},"meta":{"lastBranch":20,"lastFunction":5,"lastStatement":40,"seen":{"s:1:16:1:Infinity":0,"b:1:16:1:53:1:53:1:Infinity":0,"f:8:2:8:14":0,"s:9:4:9:Infinity":1,"s:10:4:10:Infinity":2,"s:11:4:11:Infinity":3,"s:12:4:12:Infinity":4,"s:13:4:13:Infinity":5,"s:28:39:28:Infinity":6,"f:30:16:30:35":1,"s:31:2:31:Infinity":7,"f:34:9:34:25":2,"b:35:2:37:Infinity:undefined:undefined:undefined:undefined":1,"s:35:2:37:Infinity":8,"b:35:6:35:36:35:36:35:51":2,"s:36:4:36:Infinity":9,"s:39:2:39:Infinity":10,"b:39:9:39:21:39:21:39:Infinity":3,"f:42:9:42:26":3,"s:43:2:43:Infinity":11,"b:43:10:43:39:43:39:43:58:43:58:43:Infinity":4,"f:46:22:46:34":4,"b:46:75:46:91":5,"s:47:14:47:Infinity":12,"b:47:40:47:47:47:47:47:Infinity":6,"s:48:18:48:Infinity":13,"b:50:2:52:Infinity:undefined:undefined:undefined:undefined":7,"s:50:2:52:Infinity":14,"b:50:6:50:22:50:22:50:54:50:54:50:84":8,"s:51:4:51:Infinity":15,"b:54:2:59:Infinity:undefined:undefined:undefined:undefined":9,"s:54:2:59:Infinity":16,"b:54:6:54:27:54:27:54:58":10,"s:55:24:55:Infinity":17,"b:56:4:58:Infinity:undefined:undefined:undefined:undefined":11,"s:56:4:58:Infinity":18,"s:57:6:57:Infinity":19,"s:61:19:64:Infinity":20,"b:66:2:90:Infinity:undefined:undefined:undefined:undefined":12,"s:66:2:90:Infinity":21,"s:67:26:67:Infinity":22,"s:68:19:68:Infinity":23,"s:70:24:70:Infinity":24,"b:70:24:70:64:70:64:70:Infinity":13,"b:71:4:78:Infinity:75:11:78:Infinity":14,"s:71:4:78:Infinity":25,"s:72:20:72:Infinity":26,"s:73:6:73:Infinity":27,"b:73:15:73:30:73:30:73:46:73:46:73:Infinity":15,"s:74:6:74:Infinity":28,"s:76:6:76:Infinity":29,"s:77:6:77:Infinity":30,"b:80:4:82:Infinity:undefined:undefined:undefined:undefined":16,"s:80:4:82:Infinity":31,"b:80:8:80:35:80:35:80:69":17,"s:81:6:81:Infinity":32,"s:84:4:89:Infinity":33,"b:92:2:94:Infinity:undefined:undefined:undefined:undefined":18,"s:92:2:94:Infinity":34,"s:93:4:93:Infinity":35,"s:96:27:96:Infinity":36,"b:97:2:99:Infinity:undefined:undefined:undefined:undefined":19,"s:97:2:99:Infinity":37,"s:98:4:98:Infinity":38,"s:101:2:101:Infinity":39},"fnNames":{}}}
,"C:\\Users\\hanse\\Documents\\Documents\\proyecto sentinela soa\\sentinel_soa\\frontend\\src\\lib\\formatters.ts": {"path":"C:\\Users\\hanse\\Documents\\Documents\\proyecto sentinela soa\\sentinel_soa\\frontend\\src\\lib\\formatters.ts","statementMap":{"0":{"start":{"line":4,"column":15},"end":{"line":4,"column":null}},"1":{"start":{"line":5,"column":2},"end":{"line":7,"column":null}},"2":{"start":{"line":6,"column":4},"end":{"line":6,"column":null}},"3":{"start":{"line":8,"column":2},"end":{"line":8,"column":null}},"4":{"start":{"line":12,"column":14},"end":{"line":12,"column":null}},"5":{"start":{"line":13,"column":2},"end":{"line":13,"column":null}},"6":{"start":{"line":17,"column":2},"end":{"line":19,"column":null}},"7":{"start":{"line":18,"column":4},"end":{"line":18,"column":null}},"8":{"start":{"line":20,"column":2},"end":{"line":22,"column":null}},"9":{"start":{"line":21,"column":4},"end":{"line":21,"column":null}},"10":{"start":{"line":23,"column":2},"end":{"line":25,"column":null}},"11":{"start":{"line":24,"column":4},"end":{"line":24,"column":null}},"12":{"start":{"line":26,"column":2},"end":{"line":26,"column":null}}},"fnMap":{"0":{"name":"formatDate","decl":{"start":{"line":3,"column":16},"end":{"line":3,"column":27}},"loc":{"start":{"line":3,"column":42},"end":{"line":9,"column":null}},"line":3},"1":{"name":"formatScore","decl":{"start":{"line":11,"column":16},"end":{"line":11,"column":28}},"loc":{"start":{"line":11,"column":59},"end":{"line":14,"column":null}},"line":11},"2":{"name":"formatBytes","decl":{"start":{"line":16,"column":16},"end":{"line":16,"column":28}},"loc":{"start":{"line":16,"column":50},"end":{"line":27,"column":null}},"line":16}},"branchMap":{"0":{"loc":{"start":{"line":5,"column":2},"end":{"line":7,"column":null}},"type":"if","locations":[{"start":{"line":5,"column":2},"end":{"line":7,"column":null}},{"start":{},"end":{}}],"line":5},"1":{"loc":{"start":{"line":11,"column":43},"end":{"line":11,"column":59}},"type":"default-arg","locations":[{"start":{"line":11,"column":54},"end":{"line":11,"column":59}}],"line":11},"2":{"loc":{"start":{"line":17,"column":2},"end":{"line":19,"column":null}},"type":"if","locations":[{"start":{"line":17,"column":2},"end":{"line":19,"column":null}},{"start":{},"end":{}}],"line":17},"3":{"loc":{"start":{"line":20,"column":2},"end":{"line":22,"column":null}},"type":"if","locations":[{"start":{"line":20,"column":2},"end":{"line":22,"column":null}},{"start":{},"end":{}}],"line":20},"4":{"loc":{"start":{"line":23,"column":2},"end":{"line":25,"column":null}},"type":"if","locations":[{"start":{"line":23,"column":2},"end":{"line":25,"column":null}},{"start":{},"end":{}}],"line":23}},"s":{"0":2,"1":2,"2":1,"3":1,"4":5,"5":5,"6":4,"7":1,"8":3,"9":1,"10":2,"11":1,"12":1},"f":{"0":2,"1":5,"2":4},"b":{"0":[1,1],"1":[5],"2":[1,3],"3":[1,2],"4":[1,1]},"meta":{"lastBranch":5,"lastFunction":3,"lastStatement":13,"seen":{"f:3:16:3:27":0,"s:4:15:4:Infinity":0,"b:5:2:7:Infinity:undefined:undefined:undefined:undefined":0,"s:5:2:7:Infinity":1,"s:6:4:6:Infinity":2,"s:8:2:8:Infinity":3,"f:11:16:11:28":1,"b:11:54:11:59":1,"s:12:14:12:Infinity":4,"s:13:2:13:Infinity":5,"f:16:16:16:28":2,"b:17:2:19:Infinity:undefined:undefined:undefined:undefined":2,"s:17:2:19:Infinity":6,"s:18:4:18:Infinity":7,"b:20:2:22:Infinity:undefined:undefined:undefined:undefined":3,"s:20:2:22:Infinity":8,"s:21:4:21:Infinity":9,"b:23:2:25:Infinity:undefined:undefined:undefined:undefined":4,"s:23:2:25:Infinity":10,"s:24:4:24:Infinity":11,"s:26:2:26:Infinity":12},"fnNames":{}}}
,"C:\\Users\\hanse\\Documents\\Documents\\proyecto sentinela soa\\sentinel_soa\\frontend\\src\\store\\authStore.ts": {"path":"C:\\Users\\hanse\\Documents\\Documents\\proyecto sentinela soa\\sentinel_soa\\frontend\\src\\store\\authStore.ts","statementMap":{"0":{"start":{"line":4,"column":25},"end":{"line":4,"column":null}},"1":{"start":{"line":5,"column":23},"end":{"line":5,"column":null}},"2":{"start":{"line":22,"column":2},"end":{"line":24,"column":null}},"3":{"start":{"line":23,"column":4},"end":{"line":23,"column":null}},"4":{"start":{"line":26,"column":2},"end":{"line":43,"column":null}},"5":{"start":{"line":27,"column":16},"end":{"line":27,"column":null}},"6":{"start":{"line":28,"column":4},"end":{"line":30,"column":null}},"7":{"start":{"line":29,"column":6},"end":{"line":29,"column":null}},"8":{"start":{"line":32,"column":19},"end":{"line":32,"column":null}},"9":{"start":{"line":33,"column":4},"end":{"line":35,"column":null}},"10":{"start":{"line":34,"column":6},"end":{"line":34,"column":null}},"11":{"start":{"line":37,"column":4},"end":{"line":40,"column":null}},"12":{"start":{"line":42,"column":4},"end":{"line":42,"column":null}},"13":{"start":{"line":47,"column":2},"end":{"line":49,"column":null}},"14":{"start":{"line":48,"column":4},"end":{"line":48,"column":null}},"15":{"start":{"line":51,"column":2},"end":{"line":60,"column":null}},"16":{"start":{"line":52,"column":4},"end":{"line":55,"column":null}},"17":{"start":{"line":53,"column":6},"end":{"line":53,"column":null}},"18":{"start":{"line":54,"column":6},"end":{"line":54,"column":null}},"19":{"start":{"line":57,"column":4},"end":{"line":57,"column":null}},"20":{"start":{"line":63,"column":13},"end":{"line":121,"column":null}},"21":{"start":{"line":63,"column":56},"end":{"line":121,"column":2}},"22":{"start":{"line":70,"column":21},"end":{"line":70,"column":null}},"23":{"start":{"line":72,"column":4},"end":{"line":79,"column":null}},"24":{"start":{"line":73,"column":6},"end":{"line":77,"column":null}},"25":{"start":{"line":73,"column":17},"end":{"line":77,"column":8}},"26":{"start":{"line":78,"column":6},"end":{"line":78,"column":null}},"27":{"start":{"line":81,"column":4},"end":{"line":86,"column":null}},"28":{"start":{"line":81,"column":15},"end":{"line":86,"column":6}},"29":{"start":{"line":89,"column":4},"end":{"line":89,"column":null}},"30":{"start":{"line":90,"column":4},"end":{"line":95,"column":null}},"31":{"start":{"line":90,"column":15},"end":{"line":95,"column":6}},"32":{"start":{"line":98,"column":4},"end":{"line":107,"column":null}},"33":{"start":{"line":99,"column":6},"end":{"line":101,"column":null}},"34":{"start":{"line":100,"column":8},"end":{"line":100,"column":null}},"35":{"start":{"line":103,"column":6},"end":{"line":106,"column":null}},"36":{"start":{"line":109,"column":31},"end":{"line":109,"column":null}},"37":{"start":{"line":109,"column":42},"end":{"line":109,"column":69}},"38":{"start":{"line":110,"column":27},"end":{"line":110,"column":null}},"39":{"start":{"line":110,"column":38},"end":{"line":110,"column":59}},"40":{"start":{"line":112,"column":4},"end":{"line":112,"column":null}},"41":{"start":{"line":113,"column":4},"end":{"line":119,"column":null}},"42":{"start":{"line":113,"column":15},"end":{"line":119,"column":6}}},"fnMap":{"0":{"name":"readSessionStorage","decl":{"start":{"line":21,"column":9},"end":{"line":21,"column":56}},"loc":{"start":{"line":21,"column":56},"end":{"line":44,"column":null}},"line":21},"1":{"name":"writeSessionStorage","decl":{"start":{"line":46,"column":9},"end":{"line":46,"column":29}},"loc":{"start":{"line":46,"column":65},"end":{"line":61,"column":null}},"line":46},"2":{"name":"(anonymous_2)","decl":{"start":{"line":63,"column":28},"end":{"line":63,"column":47}},"loc":{"start":{"line":63,"column":56},"end":{"line":121,"column":2}},"line":63},"3":{"name":"(anonymous_3)","decl":{"start":{"line":69,"column":2},"end":{"line":69,"column":24}},"loc":{"start":{"line":69,"column":24},"end":{"line":87,"column":null}},"line":69},"4":{"name":"(anonymous_4)","decl":{"start":{"line":73,"column":6},"end":{"line":73,"column":17}},"loc":{"start":{"line":73,"column":17},"end":{"line":77,"column":8}},"line":73},"5":{"name":"(anonymous_5)","decl":{"start":{"line":81,"column":4},"end":{"line":81,"column":15}},"loc":{"start":{"line":81,"column":15},"end":{"line":86,"column":6}},"line":81},"6":{"name":"(anonymous_6)","decl":{"start":{"line":88,"column":2},"end":{"line":88,"column":15}},"loc":{"start":{"line":88,"column":31},"end":{"line":96,"column":null}},"line":88},"7":{"name":"(anonymous_7)","decl":{"start":{"line":90,"column":4},"end":{"line":90,"column":15}},"loc":{"start":{"line":90,"column":15},"end":{"line":95,"column":6}},"line":90},"8":{"name":"(anonymous_8)","decl":{"start":{"line":97,"column":2},"end":{"line":97,"column":12}},"loc":{"start":{"line":97,"column":21},"end":{"line":108,"column":null}},"line":97},"9":{"name":"(anonymous_9)","decl":{"start":{"line":98,"column":4},"end":{"line":98,"column":9}},"loc":{"start":{"line":98,"column":19},"end":{"line":107,"column":5}},"line":98},"10":{"name":"(anonymous_10)","decl":{"start":{"line":109,"column":2},"end":{"line":109,"column":21}},"loc":{"start":{"line":109,"column":31},"end":{"line":109,"column":null}},"line":109},"11":{"name":"(anonymous_11)","decl":{"start":{"line":109,"column":31},"end":{"line":109,"column":42}},"loc":{"start":{"line":109,"column":42},"end":{"line":109,"column":69}},"line":109},"12":{"name":"(anonymous_12)","decl":{"start":{"line":110,"column":2},"end":{"line":110,"column":17}},"loc":{"start":{"line":110,"column":27},"end":{"line":110,"column":null}},"line":110},"13":{"name":"(anonymous_13)","decl":{"start":{"line":110,"column":27},"end":{"line":110,"column":38}},"loc":{"start":{"line":110,"column":38},"end":{"line":110,"column":59}},"line":110},"14":{"name":"(anonymous_14)","decl":{"start":{"line":111,"column":2},"end":{"line":111,"column":22}},"loc":{"start":{"line":111,"column":22},"end":{"line":120,"column":null}},"line":111},"15":{"name":"(anonymous_15)","decl":{"start":{"line":113,"column":4},"end":{"line":113,"column":15}},"loc":{"start":{"line":113,"column":15},"end":{"line":119,"column":6}},"line":113}},"branchMap":{"0":{"loc":{"start":{"line":5,"column":30},"end":{"line":5,"column":81}},"type":"binary-expr","locations":[{"start":{"line":5,"column":30},"end":{"line":5,"column":75}},{"start":{"line":5,"column":75},"end":{"line":5,"column":81}}],"line":5},"1":{"loc":{"start":{"line":22,"column":2},"end":{"line":24,"column":null}},"type":"if","locations":[{"start":{"line":22,"column":2},"end":{"line":24,"column":null}},{"start":{},"end":{}}],"line":22},"2":{"loc":{"start":{"line":28,"column":4},"end":{"line":30,"column":null}},"type":"if","locations":[{"start":{"line":28,"column":4},"end":{"line":30,"column":null}},{"start":{},"end":{}}],"line":28},"3":{"loc":{"start":{"line":33,"column":4},"end":{"line":35,"column":null}},"type":"if","locations":[{"start":{"line":33,"column":4},"end":{"line":35,"column":null}},{"start":{},"end":{}}],"line":33},"4":{"loc":{"start":{"line":33,"column":8},"end":{"line":33,"column":64}},"type":"binary-expr","locations":[{"start":{"line":33,"column":8},"end":{"line":33,"column":50}},{"start":{"line":33,"column":50},"end":{"line":33,"column":64}}],"line":33},"5":{"loc":{"start":{"line":47,"column":2},"end":{"line":49,"column":null}},"type":"if","locations":[{"start":{"line":47,"column":2},"end":{"line":49,"column":null}},{"start":{},"end":{}}],"line":47},"6":{"loc":{"start":{"line":52,"column":4},"end":{"line":55,"column":null}},"type":"if","locations":[{"start":{"line":52,"column":4},"end":{"line":55,"column":null}},{"start":{},"end":{}}],"line":52},"7":{"loc":{"start":{"line":72,"column":4},"end":{"line":79,"column":null}},"type":"if","locations":[{"start":{"line":72,"column":4},"end":{"line":79,"column":null}},{"start":{},"end":{}}],"line":72},"8":{"loc":{"start":{"line":99,"column":6},"end":{"line":101,"column":null}},"type":"if","locations":[{"start":{"line":99,"column":6},"end":{"line":101,"column":null}},{"start":{},"end":{}}],"line":99}},"s":{"0":2,"1":2,"2":2,"3":0,"4":2,"5":2,"6":2,"7":1,"8":1,"9":1,"10":0,"11":1,"12":0,"13":6,"14":0,"15":6,"16":6,"17":1,"18":1,"19":5,"20":2,"21":2,"22":2,"23":2,"24":1,"25":1,"26":1,"27":1,"28":1,"29":4,"30":4,"31":4,"32":1,"33":1,"34":1,"35":1,"36":1,"37":1,"38":3,"39":3,"40":1,"41":1,"42":1},"f":{"0":2,"1":6,"2":2,"3":2,"4":1,"5":1,"6":4,"7":4,"8":1,"9":1,"10":1,"11":1,"12":3,"13":3,"14":1,"15":1},"b":{"0":[2,2],"1":[0,2],"2":[1,1],"3":[0,1],"4":[1,1],"5":[0,6],"6":[1,5],"7":[1,1],"8":[1,0]},"meta":{"lastBranch":9,"lastFunction":16,"lastStatement":43,"seen":{"s:4:25:4:Infinity":0,"s:5:23:5:Infinity":1,"b:5:30:5:75:5:75:5:81":0,"f:21:9:21:56":0,"b:22:2:24:Infinity:undefined:undefined:undefined:undefined":1,"s:22:2:24:Infinity":2,"s:23:4:23:Infinity":3,"s:26:2:43:Infinity":4,"s:27:16:27:Infinity":5,"b:28:4:30:Infinity:undefined:undefined:undefined:undefined":2,"s:28:4:30:Infinity":6,"s:29:6:29:Infinity":7,"s:32:19:32:Infinity":8,"b:33:4:35:Infinity:undefined:undefined:undefined:undefined":3,"s:33:4:35:Infinity":9,"b:33:8:33:50:33:50:33:64":4,"s:34:6:34:Infinity":10,"s:37:4:40:Infinity":11,"s:42:4:42:Infinity":12,"f:46:9:46:29":1,"b:47:2:49:Infinity:undefined:undefined:undefined:undefined":5,"s:47:2:49:Infinity":13,"s:48:4:48:Infinity":14,"s:51:2:60:Infinity":15,"b:52:4:55:Infinity:undefined:undefined:undefined:undefined":6,"s:52:4:55:Infinity":16,"s:53:6:53:Infinity":17,"s:54:6:54:Infinity":18,"s:57:4:57:Infinity":19,"s:63:13:121:Infinity":20,"f:63:28:63:47":2,"s:63:56:121:2":21,"f:69:2:69:24":3,"s:70:21:70:Infinity":22,"b:72:4:79:Infinity:undefined:undefined:undefined:undefined":7,"s:72:4:79:Infinity":23,"s:73:6:77:Infinity":24,"f:73:6:73:17":4,"s:73:17:77:8":25,"s:78:6:78:Infinity":26,"s:81:4:86:Infinity":27,"f:81:4:81:15":5,"s:81:15:86:6":28,"f:88:2:88:15":6,"s:89:4:89:Infinity":29,"s:90:4:95:Infinity":30,"f:90:4:90:15":7,"s:90:15:95:6":31,"f:97:2:97:12":8,"s:98:4:107:Infinity":32,"f:98:4:98:9":9,"b:99:6:101:Infinity:undefined:undefined:undefined:undefined":8,"s:99:6:101:Infinity":33,"s:100:8:100:Infinity":34,"s:103:6:106:Infinity":35,"f:109:2:109:21":10,"s:109:31:109:Infinity":36,"f:109:31:109:42":11,"s:109:42:109:69":37,"f:110:2:110:17":12,"s:110:27:110:Infinity":38,"f:110:27:110:38":13,"s:110:38:110:59":39,"f:111:2:111:22":14,"s:112:4:112:Infinity":40,"s:113:4:119:Infinity":41,"f:113:4:113:15":15,"s:113:15:119:6":42},"fnNames":{}}}
}
